<?xml version="1.0" encoding="UTF-8"?>
<testsuite xmlns:xsi="http://www.w3.org/2001/XMLSchema-instance" xsi:noNamespaceSchemaLocation="https://maven.apache.org/surefire/maven-surefire-plugin/xsd/surefire-test-report.xsd" version="3.0.2" name="com.davidvalentino.manulife_test.ManulifeTestApplicationTests" time="4.783" tests="1" errors="0" skipped="0" failures="0">
  <properties>
[...]
</properties>
  <testcase name="contextLoads" classname="com.davidvalentino.manulife_test.ManulifeTestApplicationTests" time="1.947">
    <system-out><![CDATA[21:08:31.328 [main] INFO org.springframework.test.context.support.AnnotationConfigContextLoaderUtils -- Could not detect default configuration classes for test class [com.davidvalentino.manulife_test.ManulifeTestApplicationTests]: ManulifeTestApplicationTests does not declare any static, non-private, non-final, nested classes annotated with @Configuration.
21:08:31.563 [main] INFO org.springframework.boot.test.context.SpringBootTestContextBootstrapper -- Found @SpringBootConfiguration com.davidvalentino.manulife_test.ManulifeTestApplication for test class com.davidvalentino.manulife_test.ManulifeTestApplicationTests
21:08:31.870 [main] INFO org.springframework.boot.devtools.restart.RestartApplicationListener -- Restart disabled due to context in which it is running

  .   ____          _            __ _ _
 /\\ / ___'_ __ _ _(_)_ __  __ _ \ \ \ \
( ( )\___ | '_ | '_| | '_ \/ _` | \ \ \ \
 \\/  ___)| |_)| | | | | || (_| |  ) ) ) )
  '  |____| .__|_| |_|_| |_\__, | / / / /
 =========|_|==============|___/=/_/_/_/

 :: Spring Boot ::                (v3.4.2)

2025-01-29T21:08:32.437+07:00  INFO 6124 --- [manulife-test] [           main] c.d.m.ManulifeTestApplicationTests       : Starting ManulifeTestApplicationTests using Java 23.0.2 with PID 6124 (started by dvlwj in /Users/dvlwj/work/test/manulife)
2025-01-29T21:08:32.439+07:00  INFO 6124 --- [manulife-test] [           main] c.d.m.ManulifeTestApplicationTests       : No active profile set, falling back to 1 default profile: "default"
2025-01-29T21:08:33.793+07:00  INFO 6124 --- [manulife-test] [           main] c.d.m.ManulifeTestApplicationTests       : Started ManulifeTestApplicationTests in 1.946 seconds (process running for 3.721)
]]></system-out>
    <system-err><![CDATA[Mockito is currently self-attaching to enable the inline-mock-maker. This will no longer work in future releases of the JDK. Please add Mockito as an agent to your build what is described in Mockito's documentation: https://javadoc.io/doc/org.mockito/mockito-core/latest/org/mockito/Mockito.html#0.3
WARNING: A Java agent has been loaded dynamically (/Users/dvlwj/.m2/repository/net/bytebuddy/byte-buddy-agent/1.15.11/byte-buddy-agent-1.15.11.jar)
WARNING: If a serviceability tool is in use, please run with -XX:+EnableDynamicAgentLoading to hide this warning
WARNING: If a serviceability tool is not in use, please run with -Djdk.instrument.traceUsage for more information
WARNING: Dynamic loading of agents will be disallowed by default in a future release
]]></system-err>
  </testcase>
</testsuite>